This is pdfTeX, Version 3.141592653-2.6-1.40.26 (TeX Live 2024) (preloaded format=pdflatex 2025.1.5)  17 JAN 2025 22:29
entering extended mode
 \write18 enabled.
 file:line:error style messages enabled.
 %&-line parsing enabled.
**authorsample
(./authorsample.tex
LaTeX2e <2023-11-01> patch level 1
L3 programming layer <2024-02-20>
(./svmult.cls
Document Class: svmult 2018/01/11 v5.5 
Springer Verlag global LaTeX document class for multi authored books
Class Springer-SVMult Info: extra/valid Springer sub-package 
(Springer-SVMult)           not found in option list - using "global" style.
(d:/Program Files/texlive/2024/texmf-dist/tex/latex/base/article.cls
Document Class: article 2023/05/17 v1.4n Standard LaTeX document class
(d:/Program Files/texlive/2024/texmf-dist/tex/latex/base/size10.clo
File: size10.clo 2023/05/17 v1.4n Standard LaTeX file (size option)
)
\c@part=\count188
\c@section=\count189
\c@subsection=\count190
\c@subsubsection=\count191
\c@paragraph=\count192
\c@subparagraph=\count193
\c@figure=\count194
\c@table=\count195
\abovecaptionskip=\skip48
\belowcaptionskip=\skip49
\bibindent=\dimen140
)
\svparindent=\dimen141
\bibindent=\dimen142
\betweenumberspace=\dimen143
\headlineindent=\dimen144
\minitoc=\write3
\c@minitocdepth=\count196
\c@chapter=\count197
\mottowidth=\dimen145
\svitemindent=\dimen146
\verbatimindent=\dimen147
LaTeX Font Info:    Redeclaring math symbol \Gamma on input line 971.
LaTeX Font Info:    Redeclaring math symbol \Delta on input line 972.
LaTeX Font Info:    Redeclaring math symbol \Theta on input line 973.
LaTeX Font Info:    Redeclaring math symbol \Lambda on input line 974.
LaTeX Font Info:    Redeclaring math symbol \Xi on input line 975.
LaTeX Font Info:    Redeclaring math symbol \Pi on input line 976.
LaTeX Font Info:    Redeclaring math symbol \Sigma on input line 977.
LaTeX Font Info:    Redeclaring math symbol \Upsilon on input line 978.
LaTeX Font Info:    Redeclaring math symbol \Phi on input line 979.
LaTeX Font Info:    Redeclaring math symbol \Psi on input line 980.
LaTeX Font Info:    Redeclaring math symbol \Omega on input line 981.
\tocchpnum=\dimen148
\tocsecnum=\dimen149
\tocsectotal=\dimen150
\tocsubsecnum=\dimen151
\tocsubsectotal=\dimen152
\tocsubsubsecnum=\dimen153
\tocsubsubsectotal=\dimen154
\tocparanum=\dimen155
\tocparatotal=\dimen156
\tocsubparanum=\dimen157
\foot@parindent=\dimen158
\spthmsep=\dimen159
\c@theorem=\count198
\c@case=\count199
\c@conjecture=\count266
\c@corollary=\count267
\c@definition=\count268
\c@example=\count269
\c@exercise=\count270
\c@lemma=\count271
\c@note=\count272
\c@problem=\count273
\c@property=\count274
\c@proposition=\count275
\c@question=\count276
\c@solution=\count277
\c@remark=\count278
\c@prob=\count279
\instindent=\dimen160
\figgap=\dimen161
\bildb@x=\box51
\figcapgap=\dimen162
\tabcapgap=\dimen163
\c@merk=\count280
\c@@inst=\count281
\c@@auth=\count282
\c@auco=\count283
\instindent=\dimen164
\authrun=\box52
\authorrunning=\toks17
\tocauthor=\toks18
\titrun=\box53
\titlerunning=\toks19
\toctitle=\toks20
\c@contribution=\count284
LaTeX Info: Redefining \abstract on input line 2329.
 (d:/Program Files/texlive/2024/texmf-dist/tex/latex/xcolor/xcolor.sty
Package: xcolor 2023/11/15 v3.01 LaTeX color extensions (UK)
 (d:/Program Files/texlive/2024/texmf-dist/tex/latex/graphics-cfg/color.cfg
File: color.cfg 2016/01/02 v1.6 sample color configuration
)
Package xcolor Info: Driver file: pdftex.def on input line 274.
 (d:/Program Files/texlive/2024/texmf-dist/tex/latex/graphics-def/pdftex.def
File: pdftex.def 2022/09/22 v1.2b Graphics/color driver for pdftex
) (d:/Program Files/texlive/2024/texmf-dist/tex/latex/graphics/mathcolor.ltx)
Package xcolor Info: Model `cmy' substituted by `cmy0' on input line 1350.
Package xcolor Info: Model `hsb' substituted by `rgb' on input line 1354.
Package xcolor Info: Model `RGB' extended on input line 1366.
Package xcolor Info: Model `HTML' substituted by `rgb' on input line 1368.
Package xcolor Info: Model `Hsb' substituted by `hsb' on input line 1369.
Package xcolor Info: Model `tHsb' substituted by `hsb' on input line 1370.
Package xcolor Info: Model `HSB' substituted by `hsb' on input line 1371.
Package xcolor Info: Model `Gray' substituted by `gray' on input line 1372.
Package xcolor Info: Model `wave' substituted by `hsb' on input line 1373.
) (d:/Program Files/texlive/2024/texmf-dist/tex/latex/xcolor/x11nam.def
File: x11nam.def 2023/11/15 v3.01 Predefined colors according to Unix/X11 (UK)
) (d:/Program Files/texlive/2024/texmf-dist/tex/latex/ntheorem/ntheorem.sty
Style `ntheorem', Version 1.33 <2011/08/15>
Package: ntheorem 2011/08/15 1.33
(d:/Program Files/texlive/2024/texmf-dist/tex/latex/base/ifthen.sty
Package: ifthen 2022/04/13 v1.1d Standard LaTeX ifthen package (DPC)
)
\theorem@style=\toks21
\theorem@@style=\toks22
\theorembodyfont=\toks23
\theoremnumbering=\toks24
\theorempreskipamount=\skip50
\theorempostskipamount=\skip51
\theoremframepreskipamount=\skip52
\theoremframepostskipamount=\skip53
\theoreminframepreskipamount=\skip54
\theoreminframepostskipamount=\skip55
\theorem@preskip=\toks25
\theorem@postskip=\toks26
\theorem@framepreskip=\toks27
\theorem@framepostskip=\toks28
\theorem@inframepreskip=\toks29
\theorem@inframepostskip=\toks30
\theoremindent=\dimen165
\theorem@indent=\dimen166
\theoremrightindent=\dimen167
\theorem@rightindent=\dimen168
\theoremheaderfont=\toks31
\theoremseparator=\toks32
\theoremprework=\toks33
\theorempostwork=\toks34
\theoremsymbol=\toks35
\qedsymbol=\toks36
\theoremkeyword=\toks37
\qedsymbol=\toks38
\thm@topsep=\skip56
\thm@topsepadd=\skip57
Package ntheorem Info: Option `thmmarks' loaded on input line 1175.
\c@endNonectr=\count285
\c@currNonectr=\count286
\mysavskip=\skip58
Package ntheorem Info: Option `thref' loaded on input line 1175.
\mysavskip=\skip59
)
\c@currproofctr=\count287
\c@endproofctr=\count288
\c@proof=\count289
) (d:/Program Files/texlive/2024/texmf-dist/tex/latex/framed/framed.sty
Package: framed 2011/10/22 v 0.96: framed or shaded text with page breaks
\OuterFrameSep=\skip60
\fb@frw=\dimen169
\fb@frh=\dimen170
\FrameRule=\dimen171
\FrameSep=\dimen172
) (d:/Program Files/texlive/2024/texmf-dist/tex/latex/type1cm/type1cm.sty
Package: type1cm 2002/09/05 v0.04 BlueSky/Y&Y Type1 CM font definitions (DPC, patched RF)
) (d:/Program Files/texlive/2024/texmf-dist/tex/latex/base/makeidx.sty
Package: makeidx 2021/10/04 v1.0m Standard LaTeX package
) (d:/Program Files/texlive/2024/texmf-dist/tex/latex/graphics/graphicx.sty
Package: graphicx 2021/09/16 v1.2d Enhanced LaTeX Graphics (DPC,SPQR)
 (d:/Program Files/texlive/2024/texmf-dist/tex/latex/graphics/keyval.sty
Package: keyval 2022/05/29 v1.15 key=value parser (DPC)
\KV@toks@=\toks39
) (d:/Program Files/texlive/2024/texmf-dist/tex/latex/graphics/graphics.sty
Package: graphics 2022/03/10 v1.4e Standard LaTeX Graphics (DPC,SPQR)
 (d:/Program Files/texlive/2024/texmf-dist/tex/latex/graphics/trig.sty
Package: trig 2021/08/11 v1.11 sin cos tan (DPC)
) (d:/Program Files/texlive/2024/texmf-dist/tex/latex/graphics-cfg/graphics.cfg
File: graphics.cfg 2016/06/04 v1.11 sample graphics configuration
)
Package graphics Info: Driver file: pdftex.def on input line 107.
)
\Gin@req@height=\dimen173
\Gin@req@width=\dimen174
) (d:/Program Files/texlive/2024/texmf-dist/tex/latex/tools/multicol.sty
Package: multicol 2023/03/30 v1.9f multicolumn formatting (FMi)
\c@tracingmulticols=\count290
\mult@box=\box54
\multicol@leftmargin=\dimen175
\c@unbalance=\count291
\c@collectmore=\count292
\doublecol@number=\count293
\multicoltolerance=\count294
\multicolpretolerance=\count295
\full@width=\dimen176
\page@free=\dimen177
\premulticols=\dimen178
\postmulticols=\dimen179
\multicolsep=\skip61
\multicolbaselineskip=\skip62
\partial@page=\box55
\last@line=\box56
\mc@boxedresult=\box57
\maxbalancingoverflow=\dimen180
\mult@rightbox=\box58
\mult@grightbox=\box59
\mult@firstbox=\box60
\mult@gfirstbox=\box61
\@tempa=\box62
\@tempa=\box63
\@tempa=\box64
\@tempa=\box65
\@tempa=\box66
\@tempa=\box67
\@tempa=\box68
\@tempa=\box69
\@tempa=\box70
\@tempa=\box71
\@tempa=\box72
\@tempa=\box73
\@tempa=\box74
\@tempa=\box75
\@tempa=\box76
\@tempa=\box77
\@tempa=\box78
\@tempa=\box79
\@tempa=\box80
\@tempa=\box81
\@tempa=\box82
\@tempa=\box83
\@tempa=\box84
\@tempa=\box85
\@tempa=\box86
\@tempa=\box87
\@tempa=\box88
\@tempa=\box89
\@tempa=\box90
\@tempa=\box91
\@tempa=\box92
\@tempa=\box93
\@tempa=\box94
\@tempa=\box95
\@tempa=\box96
\@tempa=\box97
\c@minrows=\count296
\c@columnbadness=\count297
\c@finalcolumnbadness=\count298
\last@try=\dimen181
\multicolovershoot=\dimen182
\multicolundershoot=\dimen183
\mult@nat@firstbox=\box98
\colbreak@box=\box99
\mc@col@check@num=\count299
) (d:/Program Files/texlive/2024/texmf-dist/tex/latex/footmisc/footmisc.sty
Package: footmisc 2023/07/05 v6.0f a miscellany of footnote facilities
\FN@temptoken=\toks40
\footnotemargin=\dimen184
\@outputbox@depth=\dimen185
Package footmisc Info: Declaring symbol style bringhurst on input line 696.
Package footmisc Info: Declaring symbol style chicago on input line 704.
Package footmisc Info: Declaring symbol style wiley on input line 713.
Package footmisc Info: Declaring symbol style lamport-robust on input line 724.
Package footmisc Info: Declaring symbol style lamport* on input line 744.
Package footmisc Info: Declaring symbol style lamport*-robust on input line 765.
) (d:/Program Files/texlive/2024/texmf-dist/tex/latex/setspace/setspace.sty
Package: setspace 2022/12/04 v6.7b set line spacing
) (d:/Program Files/texlive/2024/texmf-dist/tex/latex/caption/caption.sty
Package: caption 2023/08/05 v3.6o Customizing captions (AR)
 (d:/Program Files/texlive/2024/texmf-dist/tex/latex/caption/caption3.sty
Package: caption3 2023/07/31 v2.4d caption3 kernel (AR)
\caption@tempdima=\dimen186
\captionmargin=\dimen187
\caption@leftmargin=\dimen188
\caption@rightmargin=\dimen189
\caption@width=\dimen190
\caption@indent=\dimen191
\caption@parindent=\dimen192
\caption@hangindent=\dimen193
Package caption Info: Unknown document class (or package),
(caption)             standard defaults will be used.
Package caption Info: \@makecaption = \long macro:#1#2->\captionstyle \ifx \@captype \fig@type \vskip \figcapgap \fi \setbox \@tempboxa \hbox {{\floatlegendstyle #1\floatcounterend }\capstrut #2}\ifdim \wd \@tempboxa >\hsize {\floatlegendstyle #1\floatcounterend }\capstrut #2\par \else \hbox to\hsize {\leftlegendglue \unhbox \@tempboxa \hfil }\fi \ifx \@captype \fig@type \else \vskip \tabcapgap \fi  on input line 1175.
)

Package caption Warning: Unknown document class (or package),
(caption)                standard defaults will be used.
See the caption package documentation for explanation.

\c@caption@flags=\count300
\c@continuedfloat=\count301
) (d:/Program Files/texlive/2024/texmf-dist/tex/latex/newtx/newtxtext.sty
Package: newtxtext 2024/02/08 v1.738(Michael Sharpe) latex and unicode latex support for TeXGyreTermesX
 `newtxtext' v1.738, 2024/02/08 Text macros taking advantage of TeXGyre Termes and its extensions (msharpe) (d:/Program Files/texlive/2024/texmf-dist/tex/latex/xpatch/xpatch.sty (d:/Program Files/texlive/2024/texmf-dist/tex/latex/l3kernel/expl3.sty
Package: expl3 2024-02-20 L3 programming layer (loader) 
 (d:/Program Files/texlive/2024/texmf-dist/tex/latex/l3backend/l3backend-pdftex.def
File: l3backend-pdftex.def 2024-02-20 L3 backend support: PDF output (pdfTeX)
\l__color_backend_stack_int=\count302
\l__pdf_internal_box=\box100
))
Package: xpatch 2020/03/25 v0.3a Extending etoolbox patching commands
 (d:/Program Files/texlive/2024/texmf-dist/tex/latex/l3packages/xparse/xparse.sty
Package: xparse 2024-02-18 L3 Experimental document command parser
) (d:/Program Files/texlive/2024/texmf-dist/tex/latex/etoolbox/etoolbox.sty
Package: etoolbox 2020/10/05 v2.5k e-TeX tools for LaTeX (JAW)
\etb@tempcnta=\count303
)) (d:/Program Files/texlive/2024/texmf-dist/tex/generic/iftex/iftex.sty
Package: iftex 2022/02/03 v1.0f TeX engine tests
) (d:/Program Files/texlive/2024/texmf-dist/tex/latex/xkeyval/xkeyval.sty
Package: xkeyval 2022/06/16 v2.9 package option processing (HA)
 (d:/Program Files/texlive/2024/texmf-dist/tex/generic/xkeyval/xkeyval.tex (d:/Program Files/texlive/2024/texmf-dist/tex/generic/xkeyval/xkvutils.tex
\XKV@toks=\toks41
\XKV@tempa@toks=\toks42
)
\XKV@depth=\count304
File: xkeyval.tex 2014/12/03 v2.7a key=value parser (HA)
)) (d:/Program Files/texlive/2024/texmf-dist/tex/latex/base/textcomp.sty
Package: textcomp 2020/02/02 v2.0n Standard LaTeX package
) (d:/Program Files/texlive/2024/texmf-dist/tex/generic/xstring/xstring.sty (d:/Program Files/texlive/2024/texmf-dist/tex/generic/xstring/xstring.tex
\xs_counta=\count305
\xs_countb=\count306
)
Package: xstring 2023/08/22 v1.86 String manipulations (CT)
) (d:/Program Files/texlive/2024/texmf-dist/tex/latex/carlisle/scalefnt.sty)
LaTeX Font Info:    Setting ntxLF sub-encoding to TS1/0 on input line 24.
LaTeX Font Info:    Setting ntxTLF sub-encoding to TS1/0 on input line 24.
LaTeX Font Info:    Setting ntxOsF sub-encoding to TS1/0 on input line 24.
LaTeX Font Info:    Setting ntxTOsF sub-encoding to TS1/0 on input line 24.
 (d:/Program Files/texlive/2024/texmf-dist/tex/generic/kastrup/binhex.tex)
\ntx@tmpcnta=\count307
\ntx@cnt=\count308
 (d:/Program Files/texlive/2024/texmf-dist/tex/latex/fontaxes/fontaxes.sty
Package: fontaxes 2020/07/21 v1.0e Font selection axes
LaTeX Info: Redefining \upshape on input line 29.
LaTeX Info: Redefining \itshape on input line 31.
LaTeX Info: Redefining \slshape on input line 33.
LaTeX Info: Redefining \swshape on input line 35.
LaTeX Info: Redefining \scshape on input line 37.
LaTeX Info: Redefining \sscshape on input line 39.
LaTeX Info: Redefining \ulcshape on input line 41.
LaTeX Info: Redefining \textsw on input line 47.
LaTeX Info: Redefining \textssc on input line 48.
LaTeX Info: Redefining \textulc on input line 49.
)
\tx@sixem=\dimen194
\tx@y=\dimen195
\tx@x=\dimen196
\tx@tmpdima=\dimen197
\tx@tmpdimb=\dimen198
\tx@tmpdimc=\dimen199
\tx@tmpdimd=\dimen256
\tx@tmpdime=\dimen257
\tx@tmpdimf=\dimen258
\tx@dimA=\dimen259
\tx@dimAA=\dimen260
\tx@dimB=\dimen261
\tx@dimBB=\dimen262
\tx@dimC=\dimen263
LaTeX Info: Redefining \oldstylenums on input line 896.
) (d:/Program Files/texlive/2024/texmf-dist/tex/latex/newtx/newtxmath.sty
Package: newtxmath 2024/03/06 v1.742
 `newtxmath' v1.742, 2024/03/06 Math macros based originally on txfonts (msharpe) (d:/Program Files/texlive/2024/texmf-dist/tex/latex/amsmath/amsmath.sty
Package: amsmath 2023/05/13 v2.17o AMS math features
\@mathmargin=\skip63

For additional information on amsmath, use the `?' option.
(d:/Program Files/texlive/2024/texmf-dist/tex/latex/amsmath/amstext.sty
Package: amstext 2021/08/26 v2.01 AMS text
 (d:/Program Files/texlive/2024/texmf-dist/tex/latex/amsmath/amsgen.sty
File: amsgen.sty 1999/11/30 v2.0 generic functions
\@emptytoks=\toks43
\ex@=\dimen264
)) (d:/Program Files/texlive/2024/texmf-dist/tex/latex/amsmath/amsbsy.sty
Package: amsbsy 1999/11/29 v1.2d Bold Symbols
\pmbraise@=\dimen265
) (d:/Program Files/texlive/2024/texmf-dist/tex/latex/amsmath/amsopn.sty
Package: amsopn 2022/04/08 v2.04 operator names
)
\inf@bad=\count309
LaTeX Info: Redefining \frac on input line 234.
\uproot@=\count310
\leftroot@=\count311
LaTeX Info: Redefining \overline on input line 399.
LaTeX Info: Redefining \colon on input line 410.
\classnum@=\count312
\DOTSCASE@=\count313
LaTeX Info: Redefining \ldots on input line 496.
LaTeX Info: Redefining \dots on input line 499.
LaTeX Info: Redefining \cdots on input line 620.
\Mathstrutbox@=\box101
\strutbox@=\box102
LaTeX Info: Redefining \big on input line 722.
LaTeX Info: Redefining \Big on input line 723.
LaTeX Info: Redefining \bigg on input line 724.
LaTeX Info: Redefining \Bigg on input line 725.
\big@size=\dimen266
LaTeX Font Info:    Redeclaring font encoding OML on input line 743.
LaTeX Font Info:    Redeclaring font encoding OMS on input line 744.
\macc@depth=\count314
LaTeX Info: Redefining \bmod on input line 905.
LaTeX Info: Redefining \pmod on input line 910.
LaTeX Info: Redefining \smash on input line 940.
LaTeX Info: Redefining \relbar on input line 970.
LaTeX Info: Redefining \Relbar on input line 971.
\c@MaxMatrixCols=\count315
\dotsspace@=\muskip16
\c@parentequation=\count316
\dspbrk@lvl=\count317
\tag@help=\toks44
\row@=\count318
\column@=\count319
\maxfields@=\count320
\andhelp@=\toks45
\eqnshift@=\dimen267
\alignsep@=\dimen268
\tagshift@=\dimen269
\tagwidth@=\dimen270
\totwidth@=\dimen271
\lineht@=\dimen272
\@envbody=\toks46
\multlinegap=\skip64
\multlinetaggap=\skip65
\mathdisplay@stack=\toks47
LaTeX Info: Redefining \[ on input line 2953.
LaTeX Info: Redefining \] on input line 2954.
) (d:/Program Files/texlive/2024/texmf-dist/tex/latex/oberdiek/centernot.sty
Package: centernot 2016/05/16 v1.4 Centers the not symbol horizontally (HO)
)
\tx@cntz=\count321
 (d:/Program Files/texlive/2024/texmf-dist/tex/generic/kastrup/binhex.tex)
\tx@Isdigit=\count322
\tx@IsAlNum=\count323
\tx@tA=\toks48
\tx@tB=\toks49
\tx@su=\read2

amsthm NOT loaded
LaTeX Font Info:    Redeclaring symbol font `operators' on input line 393.
LaTeX Font Info:    Overwriting symbol font `operators' in version `normal'
(Font)                  OT1/cmr/m/n --> OT1/minntx/m/n on input line 393.
LaTeX Font Info:    Overwriting symbol font `operators' in version `bold'
(Font)                  OT1/cmr/bx/n --> OT1/minntx/m/n on input line 393.
LaTeX Font Info:    Overwriting symbol font `operators' in version `bold'
(Font)                  OT1/minntx/m/n --> OT1/minntx/b/n on input line 394.
LaTeX Font Info:    Redeclaring math alphabet \mathsf on input line 401.
LaTeX Font Info:    Overwriting math alphabet `\mathsf' in version `normal'
(Font)                  OT1/cmss/m/n --> OT1/qhv/m/n on input line 401.
LaTeX Font Info:    Overwriting math alphabet `\mathsf' in version `bold'
(Font)                  OT1/cmss/bx/n --> OT1/qhv/m/n on input line 401.
LaTeX Font Info:    Overwriting math alphabet `\mathsf' in version `bold'
(Font)                  OT1/qhv/m/n --> OT1/qhv/b/n on input line 403.
LaTeX Font Info:    Redeclaring math alphabet \mathit on input line 410.
LaTeX Font Info:    Overwriting math alphabet `\mathit' in version `normal'
(Font)                  OT1/cmr/m/it --> OT1/minntx/m/it on input line 410.
LaTeX Font Info:    Overwriting math alphabet `\mathit' in version `bold'
(Font)                  OT1/cmr/bx/it --> OT1/minntx/m/it on input line 410.
LaTeX Font Info:    Redeclaring math alphabet \mathtt on input line 411.
LaTeX Font Info:    Overwriting math alphabet `\mathtt' in version `normal'
(Font)                  OT1/cmtt/m/n --> OT1/ntxtt/m/n on input line 411.
LaTeX Font Info:    Overwriting math alphabet `\mathtt' in version `bold'
(Font)                  OT1/cmtt/m/n --> OT1/ntxtt/m/n on input line 411.
LaTeX Font Info:    Redeclaring math alphabet \mathbf on input line 413.
LaTeX Font Info:    Overwriting math alphabet `\mathbf' in version `normal'
(Font)                  OT1/cmr/bx/n --> OT1/minntx/b/n on input line 413.
LaTeX Font Info:    Overwriting math alphabet `\mathbf' in version `bold'
(Font)                  OT1/cmr/bx/n --> OT1/minntx/b/n on input line 413.
LaTeX Font Info:    Overwriting math alphabet `\mathit' in version `bold'
(Font)                  OT1/minntx/m/it --> OT1/minntx/b/it on input line 414.
LaTeX Font Info:    Overwriting math alphabet `\mathtt' in version `bold'
(Font)                  OT1/ntxtt/m/n --> OT1/ntxtt/b/n on input line 417.
LaTeX Font Info:    Redeclaring symbol font `letters' on input line 519.
LaTeX Font Info:    Overwriting symbol font `letters' in version `normal'
(Font)                  OML/cmm/m/it --> OML/ntxmi/m/it on input line 519.
LaTeX Font Info:    Overwriting symbol font `letters' in version `bold'
(Font)                  OML/cmm/b/it --> OML/ntxmi/m/it on input line 519.
LaTeX Font Info:    Overwriting symbol font `letters' in version `bold'
(Font)                  OML/ntxmi/m/it --> OML/ntxmi/b/it on input line 520.
\symlettersA=\mathgroup4
LaTeX Font Info:    Overwriting symbol font `lettersA' in version `bold'
(Font)                  U/ntxmia/m/it --> U/ntxmia/b/it on input line 565.
Now handling font encoding LMS ...
... no UTF-8 mapping file for font encoding LMS
LaTeX Font Info:    Redeclaring symbol font `symbols' on input line 587.
LaTeX Font Info:    Encoding `OMS' has changed to `LMS' for symbol font
(Font)              `symbols' in the math version `normal' on input line 587.
LaTeX Font Info:    Overwriting symbol font `symbols' in version `normal'
(Font)                  OMS/cmsy/m/n --> LMS/ntxsy/m/n on input line 587.
LaTeX Font Info:    Encoding `OMS' has changed to `LMS' for symbol font
(Font)              `symbols' in the math version `bold' on input line 587.
LaTeX Font Info:    Overwriting symbol font `symbols' in version `bold'
(Font)                  OMS/cmsy/b/n --> LMS/ntxsy/m/n on input line 587.
LaTeX Font Info:    Overwriting symbol font `symbols' in version `bold'
(Font)                  LMS/ntxsy/m/n --> LMS/ntxsy/b/n on input line 588.
\symAMSm=\mathgroup5
LaTeX Font Info:    Overwriting symbol font `AMSm' in version `bold'
(Font)                  U/ntxsym/m/n --> U/ntxsym/b/n on input line 613.
\symsymbolsC=\mathgroup6
LaTeX Font Info:    Overwriting symbol font `symbolsC' in version `bold'
(Font)                  U/ntxsyc/m/n --> U/ntxsyc/b/n on input line 634.
Now handling font encoding LMX ...
... no UTF-8 mapping file for font encoding LMX
LaTeX Font Info:    Redeclaring symbol font `largesymbols' on input line 647.
LaTeX Font Info:    Encoding `OMX' has changed to `LMX' for symbol font
(Font)              `largesymbols' in the math version `normal' on input line 647.
LaTeX Font Info:    Overwriting symbol font `largesymbols' in version `normal'
(Font)                  OMX/cmex/m/n --> LMX/ntxexx/m/n on input line 647.
LaTeX Font Info:    Encoding `OMX' has changed to `LMX' for symbol font
(Font)              `largesymbols' in the math version `bold' on input line 647.
LaTeX Font Info:    Overwriting symbol font `largesymbols' in version `bold'
(Font)                  OMX/cmex/m/n --> LMX/ntxexx/m/n on input line 647.
LaTeX Font Info:    Overwriting symbol font `largesymbols' in version `bold'
(Font)                  LMX/ntxexx/m/n --> LMX/ntxexx/b/n on input line 648.
\symlargesymbolsTXA=\mathgroup7
LaTeX Font Info:    Overwriting symbol font `largesymbolsTXA' in version `bold'
(Font)                  U/ntxexa/m/n --> U/ntxexa/b/n on input line 662.
\tx@sbptoks=\toks50
LaTeX Font Info:    Redeclaring math delimiter \lfloor on input line 885.
LaTeX Font Info:    Redeclaring math delimiter \rfloor on input line 886.
LaTeX Font Info:    Redeclaring math delimiter \lceil on input line 887.
LaTeX Font Info:    Redeclaring math delimiter \rceil on input line 888.
LaTeX Font Info:    Redeclaring math delimiter \lbrace on input line 893.
LaTeX Font Info:    Redeclaring math delimiter \rbrace on input line 894.
LaTeX Font Info:    Redeclaring math delimiter \langle on input line 896.
LaTeX Font Info:    Redeclaring math delimiter \rangle on input line 898.
LaTeX Font Info:    Redeclaring math delimiter \arrowvert on input line 902.
LaTeX Font Info:    Redeclaring math delimiter \vert on input line 903.
LaTeX Font Info:    Redeclaring math symbol \hbar on input line 949.
LaTeX Font Info:    Redeclaring math accent \dot on input line 974.
LaTeX Font Info:    Redeclaring math accent \ddot on input line 975.
LaTeX Font Info:    Redeclaring math accent \vec on input line 2048.
LaTeX Info: Redefining \Bbbk on input line 2838.
LaTeX Info: Redefining \not on input line 2986.
)
\@indexfile=\write4
\openout4 = `authorsample.idx'.


Writing index file authorsample.idx
LaTeX Font Info:    Trying to load font information for OT1+ntxtlf on input line 35.
(d:/Program Files/texlive/2024/texmf-dist/tex/latex/newtx/ot1ntxtlf.fd
File: ot1ntxtlf.fd 2021/05/24 v1.0 font definition file for OT1/ntx/tlf
)
LaTeX Font Info:    Font shape `OT1/ntxtlf/m/n' will be
(Font)              scaled to size 10.0pt on input line 35.
 (./authorsample.aux

LaTeX Warning: Label `sec:1' multiply defined.


LaTeX Warning: Label `subsec:2' multiply defined.


LaTeX Warning: Label `subsec:2' multiply defined.


LaTeX Warning: Label `subsec:2' multiply defined.


LaTeX Warning: Label `subsec:2' multiply defined.


LaTeX Warning: Label `subsec:2' multiply defined.


LaTeX Warning: Label `subsec:2' multiply defined.


LaTeX Warning: Label `fig:example' multiply defined.

)
\openout1 = `authorsample.aux'.

LaTeX Font Info:    Checking defaults for OML/ntxmi/m/it on input line 35.
LaTeX Font Info:    Trying to load font information for OML+ntxmi on input line 35.
 (d:/Program Files/texlive/2024/texmf-dist/tex/latex/newtx/omlntxmi.fd
File: omlntxmi.fd 2015/08/25 Fontinst v1.933 font definitions for OML/ntxmi.
)
LaTeX Font Info:    ... okay on input line 35.
LaTeX Font Info:    Checking defaults for OMS/cmsy/m/n on input line 35.
LaTeX Font Info:    ... okay on input line 35.
LaTeX Font Info:    Checking defaults for OT1/cmr/m/n on input line 35.
LaTeX Font Info:    ... okay on input line 35.
LaTeX Font Info:    Checking defaults for T1/cmr/m/n on input line 35.
LaTeX Font Info:    ... okay on input line 35.
LaTeX Font Info:    Checking defaults for TS1/cmr/m/n on input line 35.
LaTeX Font Info:    ... okay on input line 35.
LaTeX Font Info:    Checking defaults for OMX/cmex/m/n on input line 35.
LaTeX Font Info:    ... okay on input line 35.
LaTeX Font Info:    Checking defaults for U/ntxexa/m/n on input line 35.
LaTeX Font Info:    Trying to load font information for U+ntxexa on input line 35.
 (d:/Program Files/texlive/2024/texmf-dist/tex/latex/newtx/untxexa.fd
File: untxexa.fd 2012/04/16 Fontinst v1.933 font definitions for U/ntxexa.
)
LaTeX Font Info:    ... okay on input line 35.
LaTeX Font Info:    Checking defaults for LMS/ntxsy/m/n on input line 35.
LaTeX Font Info:    Trying to load font information for LMS+ntxsy on input line 35.
 (d:/Program Files/texlive/2024/texmf-dist/tex/latex/newtx/lmsntxsy.fd
File: lmsntxsy.fd 2016/07/02 Fontinst v1.933 font definitions for LMS/ntxsy.
)
LaTeX Font Info:    ... okay on input line 35.
LaTeX Font Info:    Checking defaults for LMX/ntxexx/m/n on input line 35.
LaTeX Font Info:    Trying to load font information for LMX+ntxexx on input line 35.
 (d:/Program Files/texlive/2024/texmf-dist/tex/latex/newtx/lmxntxexx.fd
File: lmxntxexx.fd 2016/07/03 Fontinst v1.933 font definitions for LMX/ntxexx.
)
LaTeX Font Info:    ... okay on input line 35.
 (d:/Program Files/texlive/2024/texmf-dist/tex/context/base/mkii/supp-pdf.mkii
[Loading MPS to PDF converter (version 2006.09.02).]
\scratchcounter=\count324
\scratchdimen=\dimen273
\scratchbox=\box103
\nofMPsegments=\count325
\nofMParguments=\count326
\everyMPshowfont=\toks51
\MPscratchCnt=\count327
\MPscratchDim=\dimen274
\MPnumerator=\count328
\makeMPintoPDFobject=\count329
\everyMPtoPDFconversion=\toks52
) (d:/Program Files/texlive/2024/texmf-dist/tex/latex/epstopdf-pkg/epstopdf-base.sty
Package: epstopdf-base 2020-01-24 v2.11 Base part for package epstopdf
Package epstopdf-base Info: Redefining graphics rule for `.eps' on input line 485.
 (d:/Program Files/texlive/2024/texmf-dist/tex/latex/latexconfig/epstopdf-sys.cfg
File: epstopdf-sys.cfg 2010/07/13 v1.3 Configuration of (r)epstopdf for TeX Live
))
Package caption Info: Begin \AtBeginDocument code.
Package caption Info: End \AtBeginDocument code.
\c@mv@tabular=\count330
\c@mv@boldtabular=\count331
LaTeX Info: Command `\dddot' is already robust on input line 35.
LaTeX Info: Command `\ddddot' is already robust on input line 35.
LaTeX Font Info:    Font shape `OT1/ntxtlf/m/n' will be
(Font)              scaled to size 14.0pt on input line 43.
LaTeX Font Info:    Font shape `OT1/ntxtlf/b/n' will be
(Font)              scaled to size 14.0pt on input line 43.
LaTeX Font Info:    Font shape `OT1/ntxtlf/b/n' will be
(Font)              scaled to size 16.0pt on input line 43.
LaTeX Font Info:    Trying to load font information for OT1+minntx on input line 43.
 (d:/Program Files/texlive/2024/texmf-dist/tex/latex/newtx/ot1minntx.fd
File: ot1minntx.fd 2023/09/09 v1.1 font definition file for OT1/minntx
)
LaTeX Font Info:    Trying to load font information for U+ntxmia on input line 43.
 (d:/Program Files/texlive/2024/texmf-dist/tex/latex/newtx/untxmia.fd
File: untxmia.fd 2018/04/14 Fontinst v1.933 font definitions for U/ntxmia.
)
LaTeX Font Info:    Trying to load font information for U+ntxsym on input line 43.
 (d:/Program Files/texlive/2024/texmf-dist/tex/latex/newtx/untxsym.fd
File: untxsym.fd 2023/08/16 Fontinst v1.933 font definitions for U/ntxsym.
)
LaTeX Font Info:    Trying to load font information for U+ntxsyc on input line 43.
 (d:/Program Files/texlive/2024/texmf-dist/tex/latex/newtx/untxsyc.fd
File: untxsyc.fd 2012/04/12 Fontinst v1.933 font definitions for U/ntxsyc.
)
LaTeX Font Info:    Font shape `OT1/ntxtlf/m/n' will be
(Font)              scaled to size 8.5pt on input line 43.
LaTeX Font Info:    Calculating math sizes for size <8.5> on input line 43.
LaTeX Font Info:    Font shape `OT1/ntxtlf/b/n' will be
(Font)              scaled to size 10.0pt on input line 53.
LaTeX Font Info:    Font shape `OT1/ntxtlf/m/it' will be
(Font)              scaled to size 10.0pt on input line 53.
LaTeX Font Info:    Font shape `OT1/ntxtlf/m/n' will be
(Font)              scaled to size 12.0pt on input line 55.
LaTeX Font Info:    Font shape `OT1/ntxtlf/b/n' will be
(Font)              scaled to size 12.0pt on input line 55.
LaTeX Font Info:    Font shape `OT1/ntxtlf/m/n' will be
(Font)              scaled to size 11.0pt on input line 57.
LaTeX Font Info:    Font shape `OT1/ntxtlf/b/n' will be
(Font)              scaled to size 11.0pt on input line 57.
LaTeX Font Info:    Font shape `OT1/ntxtlf/m/n' will be
(Font)              scaled to size 7.3pt on input line 63.
LaTeX Font Info:    Font shape `OT1/ntxtlf/m/n' will be
(Font)              scaled to size 5.5pt on input line 63.
 [1



{d:/Program Files/texlive/2024/texmf-var/fonts/map/pdftex/updmap/pdftex.map}{d:/Program Files/texlive/2024/texmf-dist/fonts/enc/dvips/newtx/ntx-ot1-tlf.enc}]
LaTeX Font Info:    Trying to load font information for TS1+ntxtlf on input line 73.
 (d:/Program Files/texlive/2024/texmf-dist/tex/latex/newtx/ts1ntxtlf.fd
File: ts1ntxtlf.fd 2015/01/18 v1.0 fd file for TS1/ntxtlf
)
LaTeX Font Info:    Font shape `TS1/ntxtlf/m/n' will be
(Font)              scaled to size 10.0pt on input line 73.

Underfull \hbox (badness 10000) in paragraph at lines 100--104

 []


LaTeX Warning: Command \textquoteright invalid in math mode on input line 115.

[2{d:/Program Files/texlive/2024/texmf-dist/fonts/enc/dvips/tex-gyre/q-ts1.enc}]
Underfull \hbox (badness 10000) in paragraph at lines 119--120

 []


Overfull \hbox (3.0pt too wide) detected at line 121
 [] 
 []


Underfull \hbox (badness 10000) in paragraph at lines 121--124

 []


Underfull \hbox (badness 10000) in paragraph at lines 125--130

 []

[3]
Underfull \hbox (badness 10000) in paragraph at lines 171--172

 []


Overfull \hbox (3.0pt too wide) detected at line 173
 [] 
 []

<Fig.1.2.1.jpg, id=21, 2294.5725pt x 919.435pt>
File: Fig.1.2.1.jpg Graphic file (type jpg)
<use Fig.1.2.1.jpg>
Package pdftex.def Info: Fig.1.2.1.jpg  used on input line 181.
(pdftex.def)             Requested size: 266.31879pt x 106.70784pt.
[4 <./Fig.1.2.1.jpg>]
Underfull \hbox (badness 10000) in paragraph at lines 213--214

 []

[5]
LaTeX Font Info:    Font shape `OT1/ntxtlf/m/n' will be
(Font)              scaled to size 6.20496pt on input line 265.
LaTeX Font Info:    Font shape `OT1/ntxtlf/m/it' will be
(Font)              scaled to size 8.5pt on input line 265.
<figure.pdf, id=28, 139.52126pt x 195.73125pt>
File: figure.pdf Graphic file (type pdf)
<use figure.pdf>
Package pdftex.def Info: figure.pdf  used on input line 281.
(pdftex.def)             Requested size: 90.68773pt x 127.22379pt.
LaTeX Font Info:    Font shape `OT1/ntxtlf/b/n' will be
(Font)              scaled to size 8.5pt on input line 281.
LaTeX Font Info:    Trying to load font information for OT1+ntxtt on input line 281.
 (d:/Program Files/texlive/2024/texmf-dist/tex/latex/newtx/ot1ntxtt.fd
File: ot1ntxtt.fd 2012/04/20 v3.1
)
LaTeX Font Info:    Font shape `OT1/ntxtt/m/n' will be
(Font)              scaled to size 8.5pt on input line 281.
LaTeX Font Info:    Font shape `OT1/ntxtt/m/n' will be
(Font)              scaled to size 10.0pt on input line 291.
 [6 <./figure.pdf>]
File: figure.pdf Graphic file (type pdf)
<use figure.pdf>
Package pdftex.def Info: figure.pdf  used on input line 327.
(pdftex.def)             Requested size: 90.68773pt x 127.22379pt.
LaTeX Font Info:    Font shape `OT1/ntxtlf/b/it' will be
(Font)              scaled to size 10.0pt on input line 333.

Underfull \hbox (badness 7907) in paragraph at lines 350--351
[]\OT1/minntx/m/n/10 Translation re-pres-sion, mRNA
 []


Overfull \hbox (0.61853pt too wide) in paragraph at lines 346--357
[][]
 []

[7] [8]
<Fig.Conservation of Momentum.jpg, id=43, 1766.6pt x 1449.415pt>
File: Fig.Conservation of Momentum.jpg Graphic file (type jpg)
<use Fig.Conservation of Momentum.jpg>
Package pdftex.def Info: Fig.Conservation of Momentum.jpg  used on input line 399.
(pdftex.def)             Requested size: 233.02704pt x 191.17297pt.

Overfull \hbox (4.0057pt too wide) in paragraph at lines 406--407
[]$[][]$ 
 []

[9 <./Fig.Conservation of Momentum.jpg>] [10]
Overfull \hbox (3.0pt too wide) detected at line 523
 [] 
 []

[11]
LaTeX Font Info:    Font shape `TS1/ntxtlf/b/n' will be
(Font)              scaled to size 10.0pt on input line 530.
LaTeX Font Info:    Trying to load font information for OT1+qhv on input line 530.
 (d:/Program Files/texlive/2024/texmf-dist/tex/latex/tex-gyre/ot1qhv.fd
File: ot1qhv.fd 2009/09/25 v1.2 font definition file for OT1/qhv
)
Overfull \hbox (3.0pt too wide) detected at line 530
 [] 
 []

[12{d:/Program Files/texlive/2024/texmf-dist/fonts/enc/dvips/tex-gyre/q-rm.enc}]
Overfull \hbox (3.0pt too wide) detected at line 537
 [] 
 []


Overfull \hbox (3.0pt too wide) detected at line 544
 [] 
 []


Overfull \hbox (3.0pt too wide) detected at line 551
 [] 
 []


Overfull \hbox (3.0pt too wide) detected at line 563
 [] 
 []

[13]
Overfull \hbox (3.0pt too wide) detected at line 571
 [] 
 []


Overfull \hbox (3.0pt too wide) detected at line 578
 [] 
 []


Overfull \hbox (3.0pt too wide) detected at line 589
 [] 
 []

(./references.tex [14] [15])
\tf@thm=\write5
\openout5 = `authorsample.thm'.

 [16] (./authorsample.aux)
 ***********
LaTeX2e <2023-11-01> patch level 1
L3 programming layer <2020/03/25>
 ***********


LaTeX Warning: There were multiply-defined labels.

 ) 
Here is how much of TeX's memory you used:
 10098 strings out of 474116
 152585 string characters out of 5747718
 1938190 words of memory out of 5000000
 32260 multiletter control sequences out of 15000+600000
 628653 words of font info for 166 fonts, out of 8000000 for 9000
 1141 hyphenation exceptions out of 8191
 80i,12n,93p,709b,370s stack positions out of 10000i,1000n,20000p,200000b,200000s
<d:/Program Files/texlive/2024/texmf-dist/fonts/type1/public/newtx/NewTXMI.pfb><d:/Program Files/texlive/2024/texmf-dist/fonts/type1/public/newtx/NewTXMI5.pfb><d:/Program Files/texlive/2024/texmf-dist/fonts/type1/public/newtx/NewTXMI7.pfb><d:/Program Files/texlive/2024/texmf-dist/fonts/type1/public/tex-gyre/qhvb.pfb><d:/Program Files/texlive/2024/texmf-dist/fonts/type1/public/tex-gyre/qtmb.pfb><d:/Program Files/texlive/2024/texmf-dist/fonts/type1/public/tex-gyre/qtmr.pfb><d:/Program Files/texlive/2024/texmf-dist/fonts/type1/public/newtx/txexs.pfb><d:/Program Files/texlive/2024/texmf-dist/fonts/type1/public/newtx/txmiaX.pfb><d:/Program Files/texlive/2024/texmf-dist/fonts/type1/public/newtx/txsym.pfb><d:/Program Files/texlive/2024/texmf-dist/fonts/type1/public/newtx/txsys.pfb><d:/Program Files/texlive/2024/texmf-dist/fonts/type1/public/txfonts/txtt.pfb><d:/Program Files/texlive/2024/texmf-dist/fonts/type1/public/newtx/ztmb.pfb><d:/Program Files/texlive/2024/texmf-dist/fonts/type1/public/newtx/ztmbi.pfb><d:/Program Files/texlive/2024/texmf-dist/fonts/type1/public/newtx/ztmr.pfb><d:/Program Files/texlive/2024/texmf-dist/fonts/type1/public/newtx/ztmri.pfb>
Output written on authorsample.pdf (16 pages, 464473 bytes).
PDF statistics:
 139 PDF objects out of 1000 (max. 8388607)
 87 compressed objects within 1 object stream
 0 named destinations out of 1000 (max. 500000)
 16 words of extra memory for PDF output out of 10000 (max. 10000000)

